
// ==========================================================================
//  GPLEX error listing for lex source file <simplelex.lex>
// ==========================================================================
//  Version:  1.1.3.301
//  Machine:  TESLA
//  DateTime: 01.10.2017 21:03:27
//  UserName: Nolan
// ==========================================================================


%using ScannerHelper;
%namespace SimpleScanner

Alpha	[a-zA-Z_]
Digit	[0-9] 
AlphaDigit	{Alpha}|{Digit}
INTNUM	{Digit}+
REALNUM	{INTNUM}\.{INTNUM}
ID	{Alpha}{AlphaDigit}* 
DotChr	[^\r\n]
ONELINECMNT 	\/\/{DotChr}*
STRING	\'[^']*\'	

// «десь можно делать описани€ типов, переменных и методов - они попадают в класс Scanner
%{
  public int LexValueInt;
  public double LexValueDouble;
%}

%%
{INTNUM} { 
  LexValueInt = int.Parse(yytext);
  return (int)Tok.INUM;
}

{REALNUM} { 
  LexValueDouble = double.Parse(yytext);
  return (int)Tok.RNUM;
}

begin { 
  return (int)Tok.BEGIN;
}

end { 
  return (int)Tok.END;
}

cycle { 
  return (int)Tok.CYCLE;
}

{ONELINECMNT} {
  return (int)Tok.ONELINECMNT;
}

{STRING} {
  return (int)Tok.STRING;
}

{ID} { 
  return (int)Tok.ID;
}

":" { 
  return (int)Tok.COLON;
}

":=" { 
  return (int)Tok.ASSIGN;
}

";" { 
  return (int)Tok.SEMICOLON;
}

"{" { 
  // переход в состо€ние COMMENT
  BEGIN(COMMENT);
}
 
<COMMENT> "}" { 
//^^^^^^
// Error: Start state <COMMENT> undefined
// --------------------------------------
  // переход в состо€ние INITIAL
  BEGIN(INITIAL);
}

[^ \r\n] {
	LexError();
	return 0; // конец разбора
}

%%

// «десь можно делать описани€ переменных и методов - они тоже попадают в класс Scanner

public void LexError()
{
	Console.WriteLine("({0},{1}): Ќеизвестный символ {2}", yyline, yycol, yytext);
}

public string TokToString(Tok tok)
{
	switch (tok)
	{
		case Tok.ID:
			return tok + " " + yytext;
		case Tok.INUM:
			return tok + " " + LexValueInt;
		case Tok.RNUM:
			return tok + " " + LexValueDouble;
		default:
			return tok + "";
	}
}

// ==========================================================================

